android/build/outputs/logs/manifest-merger-debug-report.txt
-- Merging decision tree log ---
manifest
ADDED from libgdxgame/android/AndroidManifest.xml:2:1-26:12
INJECTED from libgdxgame/android/AndroidManifest.xml:2:1-26:12
INJECTED from libgdxgame/android/AndroidManifest.xml:2:1-26:12
INJECTED from libgdxgame/android/AndroidManifest.xml:2:1-26:12
INJECTED from libgdxgame/android/AndroidManifest.xml:2:1-26:12
INJECTED from libgdxgame/android/AndroidManifest.xml:2:1-26:12
INJECTED from libgdxgame/android/AndroidManifest.xml:2:1-26:12
	package
		ADDED from libgdxgame/android/AndroidManifest.xml:3:5-29
		INJECTED from libgdxgame/android/AndroidManifest.xml
		INJECTED from libgdxgame/android/AndroidManifest.xml
	android:versionName
		INJECTED from libgdxgame/android/AndroidManifest.xml
		ADDED from libgdxgame/android/AndroidManifest.xml:2:1-26:12
		INJECTED from libgdxgame/android/AndroidManifest.xml
	android:versionCode
		INJECTED from libgdxgame/android/AndroidManifest.xml
		ADDED from libgdxgame/android/AndroidManifest.xml:2:1-26:12
		INJECTED from libgdxgame/android/AndroidManifest.xml
	xmlns:android
		ADDED from libgdxgame/android/AndroidManifest.xml:2:11-69
uses-feature#0x00020000
ADDED from libgdxgame/android/AndroidManifest.xml:5:5-78
	android:glEsVersion
		ADDED from libgdxgame/android/AndroidManifest.xml:5:19-51
	android:required
		ADDED from libgdxgame/android/AndroidManifest.xml:5:52-75
application
ADDED from libgdxgame/android/AndroidManifest.xml:7:5-24:19
	android:label
		ADDED from libgdxgame/android/AndroidManifest.xml:12:9-41
	android:appCategory
		ADDED from libgdxgame/android/AndroidManifest.xml:11:9-35
	android:icon
		ADDED from libgdxgame/android/AndroidManifest.xml:9:9-45
	android:allowBackup
		ADDED from libgdxgame/android/AndroidManifest.xml:8:9-35
	android:theme
		ADDED from libgdxgame/android/AndroidManifest.xml:13:9-40
	android:isGame
		ADDED from libgdxgame/android/AndroidManifest.xml:10:9-30
activity#com.mygdx.game.AndroidLauncher
ADDED from libgdxgame/android/AndroidManifest.xml:14:9-23:20
	android:screenOrientation
		ADDED from libgdxgame/android/AndroidManifest.xml:17:13-50
	android:label
		ADDED from libgdxgame/android/AndroidManifest.xml:16:13-45
	android:configChanges
		ADDED from libgdxgame/android/AndroidManifest.xml:18:13-107
	android:name
		ADDED from libgdxgame/android/AndroidManifest.xml:15:13-58
intent-filter#action:name:android.intent.action.MAIN+category:name:android.intent.category.LAUNCHER
ADDED from libgdxgame/android/AndroidManifest.xml:19:13-22:29
action#android.intent.action.MAIN
ADDED from libgdxgame/android/AndroidManifest.xml:20:17-69
	android:name
		ADDED from libgdxgame/android/AndroidManifest.xml:20:25-66
category#android.intent.category.LAUNCHER
ADDED from libgdxgame/android/AndroidManifest.xml:21:17-77
	android:name
		ADDED from libgdxgame/android/AndroidManifest.xml:21:27-74
uses-sdk
INJECTED from libgdxgame/android/AndroidManifest.xml reason: use-sdk injection requested
INJECTED from libgdxgame/android/AndroidManifest.xml
INJECTED from libgdxgame/android/AndroidManifest.xml
INJECTED from libgdxgame/android/AndroidManifest.xml
INJECTED from libgdxgame/android/AndroidManifest.xml
	android:targetSdkVersion
		INJECTED from libgdxgame/android/AndroidManifest.xml
		ADDED from libgdxgame/android/AndroidManifest.xml
		INJECTED from libgdxgame/android/AndroidManifest.xml
	android:minSdkVersion
		INJECTED from libgdxgame/android/AndroidManifest.xml
		ADDED from libgdxgame/android/AndroidManifest.xml
		INJECTED from libgdxgame/android/AndroidManifest.xml